2023-06-21 09:28:26,845 [Worker-12: Importing Maven projects] INFO  o.e.m.c.i.l.LifecycleMappingFactory - Using org.eclipse.m2e.jdt.JarLifecycleMapping lifecycle mapping for MavenProject: com.ms365:ms365-eurekaserver:0.0.1-SNAPSHOT @ D:\WORKSPACE-MICROS-LOCAL\ms365-eurekaserver\pom.xml.
2023-06-21 09:28:29,763 [Worker-12: Importing Maven projects] INFO  o.e.m.c.i.l.LifecycleMappingFactory - Using org.eclipse.m2e.jdt.JarLifecycleMapping lifecycle mapping for MavenProject: com.ms365:ms365-configserver:0.0.1-SNAPSHOT @ D:\WORKSPACE-MICROS-LOCAL\ms365-configserver\pom.xml.
2023-06-21 09:28:29,904 [Worker-12: Importing Maven projects] INFO  o.e.m.c.i.l.LifecycleMappingFactory - Using org.eclipse.m2e.jdt.JarLifecycleMapping lifecycle mapping for MavenProject: com.ms365:ms365-adminserver:0.0.1-SNAPSHOT @ D:\WORKSPACE-MICROS-LOCAL\ms365-adminserver\pom.xml.
2023-06-21 09:28:30,324 [Worker-12: Importing Maven projects] INFO  o.e.m.c.i.l.LifecycleMappingFactory - Using org.eclipse.m2e.jdt.JarLifecycleMapping lifecycle mapping for MavenProject: com.ms365:ms365-zuulserver:0.0.1-SNAPSHOT @ D:\WORKSPACE-MICROS-LOCAL\ms365-zuulserver\pom.xml.
2023-06-21 09:28:32,236 [Worker-12: Importing Maven projects] INFO  o.e.m.j.i.AbstractJavaProjectConfigurator - Adding source folder /ms365-configserver/src/main/java
2023-06-21 09:28:32,236 [Worker-12: Importing Maven projects] INFO  o.e.m.j.i.AbstractJavaProjectConfigurator - Adding resource folder /ms365-configserver/src/main/resources
2023-06-21 09:28:32,237 [Worker-12: Importing Maven projects] INFO  o.e.m.j.i.AbstractJavaProjectConfigurator - Adding source folder /ms365-configserver/src/test/java
2023-06-21 09:28:32,337 [Worker-12: Importing Maven projects] INFO  o.e.m.j.i.AbstractJavaProjectConfigurator - Adding source folder /ms365-adminserver/src/main/java
2023-06-21 09:28:32,338 [Worker-12: Importing Maven projects] INFO  o.e.m.j.i.AbstractJavaProjectConfigurator - Adding resource folder /ms365-adminserver/src/main/resources
2023-06-21 09:28:32,338 [Worker-12: Importing Maven projects] INFO  o.e.m.j.i.AbstractJavaProjectConfigurator - Adding resource folder /ms365-adminserver/src/main/resources
2023-06-21 09:28:32,338 [Worker-12: Importing Maven projects] INFO  o.e.m.j.i.AbstractJavaProjectConfigurator - Adding source folder /ms365-adminserver/src/test/java
2023-06-21 09:28:32,480 [Worker-12: Importing Maven projects] INFO  o.e.m.j.i.AbstractJavaProjectConfigurator - Adding source folder /ms365-zuulserver/src/main/java
2023-06-21 09:28:32,480 [Worker-12: Importing Maven projects] INFO  o.e.m.j.i.AbstractJavaProjectConfigurator - Adding resource folder /ms365-zuulserver/src/main/resources
2023-06-21 09:28:32,481 [Worker-12: Importing Maven projects] INFO  o.e.m.j.i.AbstractJavaProjectConfigurator - Adding source folder /ms365-zuulserver/src/test/java
2023-06-21 09:28:32,630 [Worker-12: Importing Maven projects] INFO  o.e.m.j.i.AbstractJavaProjectConfigurator - Adding source folder /ms365-eurekaserver/src/main/java
2023-06-21 09:28:32,631 [Worker-12: Importing Maven projects] INFO  o.e.m.j.i.AbstractJavaProjectConfigurator - Adding resource folder /ms365-eurekaserver/src/main/resources
2023-06-21 09:28:32,631 [Worker-12: Importing Maven projects] INFO  o.e.m.j.i.AbstractJavaProjectConfigurator - Adding source folder /ms365-eurekaserver/src/test/java
2023-06-21 09:28:32,756 [Worker-12: Importing Maven projects] INFO  o.e.m.c.i.p.ProjectConfigurationManager - Imported and configured 4 project(s) in 11 sec
2023-06-21 09:28:33,676 [Worker-11: Building] INFO  o.e.m.c.i.embedder.EclipseLogger - Using 'UTF-8' encoding to copy filtered resources.
2023-06-21 09:28:33,678 [Worker-11: Building] INFO  o.e.m.c.i.embedder.EclipseLogger - Copying 1 resource
2023-06-21 09:28:33,696 [Worker-11: Building] INFO  o.e.m.c.i.embedder.EclipseLogger - Copying 1 resource
2023-06-21 09:28:33,705 [Worker-11: Building] INFO  o.e.m.c.i.embedder.EclipseLogger - Using 'UTF-8' encoding to copy filtered resources.
2023-06-21 09:28:33,705 [Worker-11: Building] INFO  o.e.m.c.i.embedder.EclipseLogger - skip non existing resourceDirectory D:\WORKSPACE-MICROS-LOCAL\ms365-adminserver\src\test\resources
2023-06-21 09:28:34,075 [Worker-11: Building] INFO  o.e.m.c.i.embedder.EclipseLogger - Using 'UTF-8' encoding to copy filtered resources.
2023-06-21 09:28:34,076 [Worker-11: Building] INFO  o.e.m.c.i.embedder.EclipseLogger - Copying 3 resources
2023-06-21 09:28:34,097 [Worker-11: Building] INFO  o.e.m.c.i.embedder.EclipseLogger - Using 'UTF-8' encoding to copy filtered resources.
2023-06-21 09:28:34,097 [Worker-11: Building] INFO  o.e.m.c.i.embedder.EclipseLogger - skip non existing resourceDirectory D:\WORKSPACE-MICROS-LOCAL\ms365-configserver\src\test\resources
2023-06-21 09:28:34,531 [Worker-11: Building] INFO  o.e.m.c.i.embedder.EclipseLogger - Using 'UTF-8' encoding to copy filtered resources.
2023-06-21 09:28:34,531 [Worker-11: Building] INFO  o.e.m.c.i.embedder.EclipseLogger - Copying 3 resources
2023-06-21 09:28:34,545 [Worker-11: Building] INFO  o.e.m.c.i.embedder.EclipseLogger - Using 'UTF-8' encoding to copy filtered resources.
2023-06-21 09:28:34,546 [Worker-11: Building] INFO  o.e.m.c.i.embedder.EclipseLogger - skip non existing resourceDirectory D:\WORKSPACE-MICROS-LOCAL\ms365-eurekaserver\src\test\resources
2023-06-21 09:28:35,507 [Worker-11: Building] INFO  o.e.m.c.i.embedder.EclipseLogger - Using 'UTF-8' encoding to copy filtered resources.
2023-06-21 09:28:35,508 [Worker-11: Building] INFO  o.e.m.c.i.embedder.EclipseLogger - Copying 5 resources
2023-06-21 09:28:35,527 [Worker-11: Building] INFO  o.e.m.c.i.embedder.EclipseLogger - Using 'UTF-8' encoding to copy filtered resources.
2023-06-21 09:28:35,527 [Worker-11: Building] INFO  o.e.m.c.i.embedder.EclipseLogger - skip non existing resourceDirectory D:\WORKSPACE-MICROS-LOCAL\ms365-zuulserver\src\test\resources
2023-06-21 09:44:38,880 [Worker-19: Building] INFO  o.e.m.c.i.embedder.EclipseLogger - Using 'UTF-8' encoding to copy filtered resources.
2023-06-21 09:44:38,883 [Worker-19: Building] INFO  o.e.m.c.i.embedder.EclipseLogger - Copying 1 resource
2023-06-21 09:44:38,884 [Worker-19: Building] INFO  o.e.m.c.i.embedder.EclipseLogger - Using 'UTF-8' encoding to copy filtered resources.
2023-06-21 09:44:38,885 [Worker-19: Building] INFO  o.e.m.c.i.embedder.EclipseLogger - skip non existing resourceDirectory D:\WORKSPACE-MICROS-LOCAL\ms365-zuulserver\src\test\resources
2023-06-23 21:06:07,313 [Worker-1: Building] INFO  o.e.m.c.i.embedder.EclipseLogger - Using 'UTF-8' encoding to copy filtered resources.
2023-06-23 21:06:07,324 [Worker-1: Building] INFO  o.e.m.c.i.embedder.EclipseLogger - Copying 5 resources
2023-06-23 21:06:07,378 [Worker-1: Building] INFO  o.e.m.c.i.embedder.EclipseLogger - Using 'UTF-8' encoding to copy filtered resources.
2023-06-23 21:06:07,378 [Worker-1: Building] INFO  o.e.m.c.i.embedder.EclipseLogger - skip non existing resourceDirectory D:\WORKSPACE-MICROS-LOCAL\ms365-zuulserver\src\test\resources
2023-06-23 21:36:00,617 [Worker-21: Building] INFO  o.e.m.c.i.l.LifecycleMappingFactory - Using org.eclipse.m2e.jdt.JarLifecycleMapping lifecycle mapping for MavenProject: com.ms365:ms365-zuulserver:0.0.1-SNAPSHOT @ D:\WORKSPACE-MICROS-LOCAL\ms365-zuulserver\pom.xml.
2023-06-23 21:36:05,439 [Worker-21: Building] INFO  o.e.m.c.i.embedder.EclipseLogger - Using 'UTF-8' encoding to copy filtered resources.
2023-06-23 21:36:05,440 [Worker-21: Building] INFO  o.e.m.c.i.embedder.EclipseLogger - Copying 0 resource
2023-06-23 21:36:05,441 [Worker-21: Building] INFO  o.e.m.c.i.embedder.EclipseLogger - Using 'UTF-8' encoding to copy filtered resources.
2023-06-23 21:36:05,441 [Worker-21: Building] INFO  o.e.m.c.i.embedder.EclipseLogger - skip non existing resourceDirectory D:\WORKSPACE-MICROS-LOCAL\ms365-zuulserver\src\test\resources
